# JRE version: Java(TM) SE Runtime Environment (8.0_281-b09) (build 1.8.0_281-b09)
# Java VM: Java HotSpot(TM) 64-Bit Server VM (25.281-b09 mixed mode windows-amd64 compressed oops)
Heap:
 PSYoungGen      total 26112K, used 9553K [0x00000000d6000000, 0x00000000d7b80000, 0x0000000100000000)
  eden space 24064K, 39% used [0x00000000d6000000,0x00000000d6934600,0x00000000d7780000)
  from space 2048K, 6% used [0x00000000d7780000,0x00000000d77a0000,0x00000000d7980000)
  to   space 2048K, 0% used [0x00000000d7980000,0x00000000d7980000,0x00000000d7b80000)
 ParOldGen       total 86016K, used 35009K [0x0000000082000000, 0x0000000087400000, 0x00000000d6000000)
  object space 86016K, 40% used [0x0000000082000000,0x0000000084230420,0x0000000087400000)
 Metaspace       used 12587K, capacity 12818K, committed 13056K, reserved 1060864K
  class space    used 1436K, capacity 1515K, committed 1536K, reserved 1048576K
GC Heap History (10 events):
Event: 140.842 GC heap before
{Heap before GC invocations=43 (full 0):
 PSYoungGen      total 27136K, used 24192K [0x00000000d6000000, 0x00000000d7d80000, 0x0000000100000000)
  eden space 24064K, 100% used [0x00000000d6000000,0x00000000d7780000,0x00000000d7780000)
  from space 3072K, 4% used [0x00000000d7a80000,0x00000000d7aa0000,0x00000000d7d80000)
  to   space 3072K, 0% used [0x00000000d7780000,0x00000000d7780000,0x00000000d7a80000)
 ParOldGen       total 86016K, used 34987K [0x0000000082000000, 0x0000000087400000, 0x00000000d6000000)
  object space 86016K, 40% used [0x0000000082000000,0x000000008422acf8,0x0000000087400000)
 Metaspace       used 12586K, capacity 12818K, committed 13056K, reserved 1060864K
  class space    used 1436K, capacity 1515K, committed 1536K, reserved 1048576K
Event: 140.843 GC heap after
Heap after GC invocations=43 (full 0):
 PSYoungGen      total 24576K, used 160K [0x00000000d6000000, 0x00000000d7c80000, 0x0000000100000000)
  eden space 24064K, 0% used [0x00000000d6000000,0x00000000d6000000,0x00000000d7780000)
  from space 512K, 31% used [0x00000000d7780000,0x00000000d77a8000,0x00000000d7800000)
  to   space 2560K, 0% used [0x00000000d7a00000,0x00000000d7a00000,0x00000000d7c80000)
 ParOldGen       total 86016K, used 34987K [0x0000000082000000, 0x0000000087400000, 0x00000000d6000000)
  object space 86016K, 40% used [0x0000000082000000,0x000000008422acf8,0x0000000087400000)
 Metaspace       used 12586K, capacity 12818K, committed 13056K, reserved 1060864K
  class space    used 1436K, capacity 1515K, committed 1536K, reserved 1048576K
}
Event: 144.510 GC heap before
{Heap before GC invocations=44 (full 0):
 PSYoungGen      total 24576K, used 24224K [0x00000000d6000000, 0x00000000d7c80000, 0x0000000100000000)
  eden space 24064K, 100% used [0x00000000d6000000,0x00000000d7780000,0x00000000d7780000)
  from space 512K, 31% used [0x00000000d7780000,0x00000000d77a8000,0x00000000d7800000)
  to   space 2560K, 0% used [0x00000000d7a00000,0x00000000d7a00000,0x00000000d7c80000)
 ParOldGen       total 86016K, used 34987K [0x0000000082000000, 0x0000000087400000, 0x00000000d6000000)
  object space 86016K, 40% used [0x0000000082000000,0x000000008422acf8,0x0000000087400000)
 Metaspace       used 12586K, capacity 12818K, committed 13056K, reserved 1060864K
  class space    used 1436K, capacity 1515K, committed 1536K, reserved 1048576K
Event: 144.510 GC heap after
Heap after GC invocations=44 (full 0):
 PSYoungGen      total 26624K, used 192K [0x00000000d6000000, 0x00000000d7c80000, 0x0000000100000000)
  eden space 24064K, 0% used [0x00000000d6000000,0x00000000d6000000,0x00000000d7780000)
  from space 2560K, 7% used [0x00000000d7a00000,0x00000000d7a30000,0x00000000d7c80000)
  to   space 2560K, 0% used [0x00000000d7780000,0x00000000d7780000,0x00000000d7a00000)
 ParOldGen       total 86016K, used 34987K [0x0000000082000000, 0x0000000087400000, 0x00000000d6000000)
  object space 86016K, 40% used [0x0000000082000000,0x000000008422acf8,0x0000000087400000)
 Metaspace       used 12586K, capacity 12818K, committed 13056K, reserved 1060864K
  class space    used 1436K, capacity 1515K, committed 1536K, reserved 1048576K
}
Event: 147.936 GC heap before
{Heap before GC invocations=45 (full 0):
 PSYoungGen      total 26624K, used 24256K [0x00000000d6000000, 0x00000000d7c80000, 0x0000000100000000)
  eden space 24064K, 100% used [0x00000000d6000000,0x00000000d7780000,0x00000000d7780000)
  from space 2560K, 7% used [0x00000000d7a00000,0x00000000d7a30000,0x00000000d7c80000)
  to   space 2560K, 0% used [0x00000000d7780000,0x00000000d7780000,0x00000000d7a00000)
 ParOldGen       total 86016K, used 34988K [0x0000000082000000, 0x0000000087400000, 0x00000000d6000000)
  object space 86016K, 40% used [0x0000000082000000,0x000000008422b008,0x0000000087400000)
 Metaspace       used 12586K, capacity 12818K, committed 13056K, reserved 1060864K
  class space    used 1436K, capacity 1515K, committed 1536K, reserved 1048576K
Event: 147.937 GC heap after
Heap after GC invocations=45 (full 0):
 PSYoungGen      total 26624K, used 128K [0x00000000d6000000, 0x00000000d7c80000, 0x0000000100000000)
  eden space 24064K, 0% used [0x00000000d6000000,0x00000000d6000000,0x00000000d7780000)
  from space 2560K, 5% used [0x00000000d7780000,0x00000000d77a0000,0x00000000d7a00000)
  to   space 2560K, 0% used [0x00000000d7a00000,0x00000000d7a00000,0x00000000d7c80000)
 ParOldGen       total 86016K, used 34988K [0x0000000082000000, 0x0000000087400000, 0x00000000d6000000)
  object space 86016K, 40% used [0x0000000082000000,0x000000008422b008,0x0000000087400000)
 Metaspace       used 12586K, capacity 12818K, committed 13056K, reserved 1060864K
  class space    used 1436K, capacity 1515K, committed 1536K, reserved 1048576K
}
Event: 151.590 GC heap before
{Heap before GC invocations=46 (full 0):
 PSYoungGen      total 26624K, used 24192K [0x00000000d6000000, 0x00000000d7c80000, 0x0000000100000000)
  eden space 24064K, 100% used [0x00000000d6000000,0x00000000d7780000,0x00000000d7780000)
  from space 2560K, 5% used [0x00000000d7780000,0x00000000d77a0000,0x00000000d7a00000)
  to   space 2560K, 0% used [0x00000000d7a00000,0x00000000d7a00000,0x00000000d7c80000)
 ParOldGen       total 86016K, used 34990K [0x0000000082000000, 0x0000000087400000, 0x00000000d6000000)
  object space 86016K, 40% used [0x0000000082000000,0x000000008422ba10,0x0000000087400000)
 Metaspace       used 12586K, capacity 12818K, committed 13056K, reserved 1060864K
  class space    used 1436K, capacity 1515K, committed 1536K, reserved 1048576K
Event: 151.590 GC heap after
Heap after GC invocations=46 (full 0):
 PSYoungGen      total 25600K, used 192K [0x00000000d6000000, 0x00000000d7b80000, 0x0000000100000000)
  eden space 24064K, 0% used [0x00000000d6000000,0x00000000d6000000,0x00000000d7780000)
  from space 1536K, 12% used [0x00000000d7a00000,0x00000000d7a30000,0x00000000d7b80000)
  to   space 2048K, 0% used [0x00000000d7780000,0x00000000d7780000,0x00000000d7980000)
 ParOldGen       total 86016K, used 35006K [0x0000000082000000, 0x0000000087400000, 0x00000000d6000000)
  object space 86016K, 40% used [0x0000000082000000,0x000000008422fa10,0x0000000087400000)
 Metaspace       used 12586K, capacity 12818K, committed 13056K, reserved 1060864K
  class space    used 1436K, capacity 1515K, committed 1536K, reserved 1048576K
}
Event: 155.113 GC heap before
{Heap before GC invocations=47 (full 0):
 PSYoungGen      total 25600K, used 24256K [0x00000000d6000000, 0x00000000d7b80000, 0x0000000100000000)
  eden space 24064K, 100% used [0x00000000d6000000,0x00000000d7780000,0x00000000d7780000)
  from space 1536K, 12% used [0x00000000d7a00000,0x00000000d7a30000,0x00000000d7b80000)
  to   space 2048K, 0% used [0x00000000d7780000,0x00000000d7780000,0x00000000d7980000)
 ParOldGen       total 86016K, used 35009K [0x0000000082000000, 0x0000000087400000, 0x00000000d6000000)
  object space 86016K, 40% used [0x0000000082000000,0x0000000084230420,0x0000000087400000)
 Metaspace       used 12586K, capacity 12818K, committed 13056K, reserved 1060864K
  class space    used 1436K, capacity 1515K, committed 1536K, reserved 1048576K
Event: 155.114 GC heap after
Heap after GC invocations=47 (full 0):
 PSYoungGen      total 26112K, used 128K [0x00000000d6000000, 0x00000000d7b80000, 0x0000000100000000)
  eden space 24064K, 0% used [0x00000000d6000000,0x00000000d6000000,0x00000000d7780000)
  from space 2048K, 6% used [0x00000000d7780000,0x00000000d77a0000,0x00000000d7980000)
  to   space 2048K, 0% used [0x00000000d7980000,0x00000000d7980000,0x00000000d7b80000)
 ParOldGen       total 86016K, used 35009K [0x0000000082000000, 0x0000000087400000, 0x00000000d6000000)
  object space 86016K, 40% used [0x0000000082000000,0x0000000084230420,0x0000000087400000)
 Metaspace       used 12586K, capacity 12818K, committed 13056K, reserved 1060864K
  class space    used 1436K, capacity 1515K, committed 1536K, reserved 1048576K
}

